CRITICAL - 2022-05-24 09:23:48 --> The action you requested is not allowed.
#0 E:\codeigniter 4\menejement-vendor\vendor\codeigniter4\framework\system\Security\Security.php(289): CodeIgniter\Security\Exceptions\SecurityException::forDisallowedAction()
#1 E:\codeigniter 4\menejement-vendor\vendor\codeigniter4\framework\system\Filters\CSRF.php(53): CodeIgniter\Security\Security->verify(Object(CodeIgniter\HTTP\IncomingRequest))
#2 E:\codeigniter 4\menejement-vendor\vendor\codeigniter4\framework\system\Filters\Filters.php(173): CodeIgniter\Filters\CSRF->before(Object(CodeIgniter\HTTP\IncomingRequest), NULL)
#3 E:\codeigniter 4\menejement-vendor\vendor\codeigniter4\framework\system\CodeIgniter.php(393): CodeIgniter\Filters\Filters->run('api/menu', 'before')
#4 E:\codeigniter 4\menejement-vendor\vendor\codeigniter4\framework\system\CodeIgniter.php(326): CodeIgniter\CodeIgniter->handleRequest(NULL, Object(Config\Cache), false)
#5 E:\codeigniter 4\menejement-vendor\public\index.php(37): CodeIgniter\CodeIgniter->run()
#6 E:\codeigniter 4\menejement-vendor\vendor\codeigniter4\framework\system\Commands\Server\rewrite.php(43): require_once('E:\\codeigniter ...')
#7 {main}
CRITICAL - 2022-05-24 09:24:15 --> The action you requested is not allowed.
#0 E:\codeigniter 4\menejement-vendor\vendor\codeigniter4\framework\system\Security\Security.php(289): CodeIgniter\Security\Exceptions\SecurityException::forDisallowedAction()
#1 E:\codeigniter 4\menejement-vendor\vendor\codeigniter4\framework\system\Filters\CSRF.php(53): CodeIgniter\Security\Security->verify(Object(CodeIgniter\HTTP\IncomingRequest))
#2 E:\codeigniter 4\menejement-vendor\vendor\codeigniter4\framework\system\Filters\Filters.php(173): CodeIgniter\Filters\CSRF->before(Object(CodeIgniter\HTTP\IncomingRequest), NULL)
#3 E:\codeigniter 4\menejement-vendor\vendor\codeigniter4\framework\system\CodeIgniter.php(393): CodeIgniter\Filters\Filters->run('api/menu', 'before')
#4 E:\codeigniter 4\menejement-vendor\vendor\codeigniter4\framework\system\CodeIgniter.php(326): CodeIgniter\CodeIgniter->handleRequest(NULL, Object(Config\Cache), false)
#5 E:\codeigniter 4\menejement-vendor\public\index.php(37): CodeIgniter\CodeIgniter->run()
#6 E:\codeigniter 4\menejement-vendor\vendor\codeigniter4\framework\system\Commands\Server\rewrite.php(43): require_once('E:\\codeigniter ...')
#7 {main}
ERROR - 2022-05-24 21:49:51 --> Table 'vendor_management.vendor_management' doesn't exist
CRITICAL - 2022-05-24 21:49:51 --> Table 'vendor_management.vendor_management' doesn't exist
#0 E:\codeigniter 4\menejement-vendor\vendor\codeigniter4\framework\system\Database\MySQLi\Connection.php(292): mysqli->query('INSERT INTO `ve...', 0)
#1 E:\codeigniter 4\menejement-vendor\vendor\codeigniter4\framework\system\Database\BaseConnection.php(670): CodeIgniter\Database\MySQLi\Connection->execute('INSERT INTO `ve...')
#2 E:\codeigniter 4\menejement-vendor\vendor\codeigniter4\framework\system\Database\BaseConnection.php(598): CodeIgniter\Database\BaseConnection->simpleQuery('INSERT INTO `ve...')
#3 E:\codeigniter 4\menejement-vendor\vendor\codeigniter4\framework\system\Database\BaseBuilder.php(1771): CodeIgniter\Database\BaseConnection->query('INSERT INTO `ve...', Array, false)
#4 E:\codeigniter 4\menejement-vendor\vendor\codeigniter4\framework\system\Model.php(239): CodeIgniter\Database\BaseBuilder->insert()
#5 E:\codeigniter 4\menejement-vendor\vendor\codeigniter4\framework\system\BaseModel.php(738): CodeIgniter\Model->doInsert(Array)
#6 E:\codeigniter 4\menejement-vendor\vendor\codeigniter4\framework\system\Model.php(625): CodeIgniter\BaseModel->insert(Array, false)
#7 E:\codeigniter 4\menejement-vendor\vendor\codeigniter4\framework\system\BaseModel.php(658): CodeIgniter\Model->insert(Array, false)
#8 E:\codeigniter 4\menejement-vendor\app\Controllers\Api\Vendor.php(24): CodeIgniter\BaseModel->save(Array)
#9 E:\codeigniter 4\menejement-vendor\vendor\codeigniter4\framework\system\CodeIgniter.php(832): App\Controllers\Api\Vendor->simpan()
#10 E:\codeigniter 4\menejement-vendor\vendor\codeigniter4\framework\system\CodeIgniter.php(419): CodeIgniter\CodeIgniter->runController(Object(App\Controllers\Api\Vendor))
#11 E:\codeigniter 4\menejement-vendor\vendor\codeigniter4\framework\system\CodeIgniter.php(326): CodeIgniter\CodeIgniter->handleRequest(NULL, Object(Config\Cache), false)
#12 E:\codeigniter 4\menejement-vendor\public\index.php(37): CodeIgniter\CodeIgniter->run()
#13 E:\codeigniter 4\menejement-vendor\vendor\codeigniter4\framework\system\Commands\Server\rewrite.php(43): require_once('E:\\codeigniter ...')
#14 {main}
ERROR - 2022-05-24 21:55:06 --> Table 'vendor_management.vendorx' doesn't exist
CRITICAL - 2022-05-24 21:55:06 --> Table 'vendor_management.vendorx' doesn't exist
#0 E:\codeigniter 4\menejement-vendor\vendor\codeigniter4\framework\system\Database\MySQLi\Connection.php(292): mysqli->query('INSERT INTO `ve...', 0)
#1 E:\codeigniter 4\menejement-vendor\vendor\codeigniter4\framework\system\Database\BaseConnection.php(670): CodeIgniter\Database\MySQLi\Connection->execute('INSERT INTO `ve...')
#2 E:\codeigniter 4\menejement-vendor\vendor\codeigniter4\framework\system\Database\BaseConnection.php(598): CodeIgniter\Database\BaseConnection->simpleQuery('INSERT INTO `ve...')
#3 E:\codeigniter 4\menejement-vendor\vendor\codeigniter4\framework\system\Database\BaseBuilder.php(1771): CodeIgniter\Database\BaseConnection->query('INSERT INTO `ve...', Array, false)
#4 E:\codeigniter 4\menejement-vendor\vendor\codeigniter4\framework\system\Model.php(239): CodeIgniter\Database\BaseBuilder->insert()
#5 E:\codeigniter 4\menejement-vendor\vendor\codeigniter4\framework\system\BaseModel.php(738): CodeIgniter\Model->doInsert(Array)
#6 E:\codeigniter 4\menejement-vendor\vendor\codeigniter4\framework\system\Model.php(625): CodeIgniter\BaseModel->insert(Array, false)
#7 E:\codeigniter 4\menejement-vendor\vendor\codeigniter4\framework\system\BaseModel.php(658): CodeIgniter\Model->insert(Array, false)
#8 E:\codeigniter 4\menejement-vendor\app\Controllers\Api\Vendor.php(24): CodeIgniter\BaseModel->save(Array)
#9 E:\codeigniter 4\menejement-vendor\vendor\codeigniter4\framework\system\CodeIgniter.php(832): App\Controllers\Api\Vendor->simpan()
#10 E:\codeigniter 4\menejement-vendor\vendor\codeigniter4\framework\system\CodeIgniter.php(419): CodeIgniter\CodeIgniter->runController(Object(App\Controllers\Api\Vendor))
#11 E:\codeigniter 4\menejement-vendor\vendor\codeigniter4\framework\system\CodeIgniter.php(326): CodeIgniter\CodeIgniter->handleRequest(NULL, Object(Config\Cache), false)
#12 E:\codeigniter 4\menejement-vendor\public\index.php(37): CodeIgniter\CodeIgniter->run()
#13 E:\codeigniter 4\menejement-vendor\vendor\codeigniter4\framework\system\Commands\Server\rewrite.php(43): require_once('E:\\codeigniter ...')
#14 {main}
CRITICAL - 2022-05-24 22:30:13 --> Invalid file: layout/layout_login.php
#0 E:\codeigniter 4\menejement-vendor\vendor\codeigniter4\framework\system\View\View.php(198): CodeIgniter\Exceptions\FrameworkException::forInvalidFile('layout/layout_l...')
#1 E:\codeigniter 4\menejement-vendor\vendor\codeigniter4\framework\system\Common.php(1089): CodeIgniter\View\View->render('layout/layout_l...', Array, true)
#2 E:\codeigniter 4\menejement-vendor\app\Controllers\Auth.php(12): view('layout/layout_l...', Array)
#3 E:\codeigniter 4\menejement-vendor\vendor\codeigniter4\framework\system\CodeIgniter.php(832): App\Controllers\Auth->index()
#4 E:\codeigniter 4\menejement-vendor\vendor\codeigniter4\framework\system\CodeIgniter.php(419): CodeIgniter\CodeIgniter->runController(Object(App\Controllers\Auth))
#5 E:\codeigniter 4\menejement-vendor\vendor\codeigniter4\framework\system\CodeIgniter.php(326): CodeIgniter\CodeIgniter->handleRequest(NULL, Object(Config\Cache), false)
#6 E:\codeigniter 4\menejement-vendor\public\index.php(37): CodeIgniter\CodeIgniter->run()
#7 E:\codeigniter 4\menejement-vendor\vendor\codeigniter4\framework\system\Commands\Server\rewrite.php(43): require_once('E:\\codeigniter ...')
#8 {main}
CRITICAL - 2022-05-24 22:30:37 --> Undefined variable: judul
#0 E:\codeigniter 4\menejement-vendor\app\Views\layout\auth\layout_login.php(5): CodeIgniter\Debug\Exceptions->errorHandler(8, 'Undefined varia...', 'E:\\codeigniter ...', 5, Array)
#1 E:\codeigniter 4\menejement-vendor\vendor\codeigniter4\framework\system\View\View.php(210): include('E:\\codeigniter ...')
#2 E:\codeigniter 4\menejement-vendor\vendor\codeigniter4\framework\system\View\View.php(213): CodeIgniter\View\View->CodeIgniter\View\{closure}()
#3 E:\codeigniter 4\menejement-vendor\vendor\codeigniter4\framework\system\Common.php(1089): CodeIgniter\View\View->render('layout/auth/lay...', Array, true)
#4 E:\codeigniter 4\menejement-vendor\app\Controllers\Auth.php(12): view('layout/auth/lay...', Array)
#5 E:\codeigniter 4\menejement-vendor\vendor\codeigniter4\framework\system\CodeIgniter.php(832): App\Controllers\Auth->index()
#6 E:\codeigniter 4\menejement-vendor\vendor\codeigniter4\framework\system\CodeIgniter.php(419): CodeIgniter\CodeIgniter->runController(Object(App\Controllers\Auth))
#7 E:\codeigniter 4\menejement-vendor\vendor\codeigniter4\framework\system\CodeIgniter.php(326): CodeIgniter\CodeIgniter->handleRequest(NULL, Object(Config\Cache), false)
#8 E:\codeigniter 4\menejement-vendor\public\index.php(37): CodeIgniter\CodeIgniter->run()
#9 E:\codeigniter 4\menejement-vendor\vendor\codeigniter4\framework\system\Commands\Server\rewrite.php(43): require_once('E:\\codeigniter ...')
#10 {main}
CRITICAL - 2022-05-24 22:55:10 --> Array to string conversion
#0 E:\codeigniter 4\menejement-vendor\app\Controllers\Auth.php(31): CodeIgniter\Debug\Exceptions->errorHandler(8, 'Array to string...', 'E:\\codeigniter ...', 31, Array)
#1 E:\codeigniter 4\menejement-vendor\vendor\codeigniter4\framework\system\CodeIgniter.php(832): App\Controllers\Auth->login()
#2 E:\codeigniter 4\menejement-vendor\vendor\codeigniter4\framework\system\CodeIgniter.php(419): CodeIgniter\CodeIgniter->runController(Object(App\Controllers\Auth))
#3 E:\codeigniter 4\menejement-vendor\vendor\codeigniter4\framework\system\CodeIgniter.php(326): CodeIgniter\CodeIgniter->handleRequest(NULL, Object(Config\Cache), false)
#4 E:\codeigniter 4\menejement-vendor\public\index.php(37): CodeIgniter\CodeIgniter->run()
#5 E:\codeigniter 4\menejement-vendor\vendor\codeigniter4\framework\system\Commands\Server\rewrite.php(43): require_once('E:\\codeigniter ...')
#6 {main}
CRITICAL - 2022-05-24 23:26:40 --> Undefined variable: session
#0 E:\codeigniter 4\menejement-vendor\app\Views\layout\dashboard\template.php(90): CodeIgniter\Debug\Exceptions->errorHandler(8, 'Undefined varia...', 'E:\\codeigniter ...', 90, Array)
#1 E:\codeigniter 4\menejement-vendor\vendor\codeigniter4\framework\system\View\View.php(210): include('E:\\codeigniter ...')
#2 E:\codeigniter 4\menejement-vendor\vendor\codeigniter4\framework\system\View\View.php(213): CodeIgniter\View\View->CodeIgniter\View\{closure}()
#3 E:\codeigniter 4\menejement-vendor\vendor\codeigniter4\framework\system\View\View.php(226): CodeIgniter\View\View->render('layout/dashboar...', Array, true)
#4 E:\codeigniter 4\menejement-vendor\vendor\codeigniter4\framework\system\Common.php(1089): CodeIgniter\View\View->render('dashboard/index', Array, true)
#5 E:\codeigniter 4\menejement-vendor\app\Controllers\Dashboard\Home.php(16): view('dashboard/index', Array)
#6 E:\codeigniter 4\menejement-vendor\vendor\codeigniter4\framework\system\CodeIgniter.php(832): App\Controllers\Dashboard\Home->index()
#7 E:\codeigniter 4\menejement-vendor\vendor\codeigniter4\framework\system\CodeIgniter.php(419): CodeIgniter\CodeIgniter->runController(Object(App\Controllers\Dashboard\Home))
#8 E:\codeigniter 4\menejement-vendor\vendor\codeigniter4\framework\system\CodeIgniter.php(326): CodeIgniter\CodeIgniter->handleRequest(NULL, Object(Config\Cache), false)
#9 E:\codeigniter 4\menejement-vendor\public\index.php(37): CodeIgniter\CodeIgniter->run()
#10 E:\codeigniter 4\menejement-vendor\vendor\codeigniter4\framework\system\Commands\Server\rewrite.php(43): require_once('E:\\codeigniter ...')
#11 {main}
CRITICAL - 2022-05-24 23:27:01 --> Undefined variable: session
#0 E:\codeigniter 4\menejement-vendor\app\Views\layout\dashboard\template.php(90): CodeIgniter\Debug\Exceptions->errorHandler(8, 'Undefined varia...', 'E:\\codeigniter ...', 90, Array)
#1 E:\codeigniter 4\menejement-vendor\vendor\codeigniter4\framework\system\View\View.php(210): include('E:\\codeigniter ...')
#2 E:\codeigniter 4\menejement-vendor\vendor\codeigniter4\framework\system\View\View.php(213): CodeIgniter\View\View->CodeIgniter\View\{closure}()
#3 E:\codeigniter 4\menejement-vendor\vendor\codeigniter4\framework\system\View\View.php(226): CodeIgniter\View\View->render('layout/dashboar...', Array, true)
#4 E:\codeigniter 4\menejement-vendor\vendor\codeigniter4\framework\system\Common.php(1089): CodeIgniter\View\View->render('dashboard/index', Array, true)
#5 E:\codeigniter 4\menejement-vendor\app\Controllers\Dashboard\Home.php(16): view('dashboard/index', Array)
#6 E:\codeigniter 4\menejement-vendor\vendor\codeigniter4\framework\system\CodeIgniter.php(832): App\Controllers\Dashboard\Home->index()
#7 E:\codeigniter 4\menejement-vendor\vendor\codeigniter4\framework\system\CodeIgniter.php(419): CodeIgniter\CodeIgniter->runController(Object(App\Controllers\Dashboard\Home))
#8 E:\codeigniter 4\menejement-vendor\vendor\codeigniter4\framework\system\CodeIgniter.php(326): CodeIgniter\CodeIgniter->handleRequest(NULL, Object(Config\Cache), false)
#9 E:\codeigniter 4\menejement-vendor\public\index.php(37): CodeIgniter\CodeIgniter->run()
#10 E:\codeigniter 4\menejement-vendor\vendor\codeigniter4\framework\system\Commands\Server\rewrite.php(43): require_once('E:\\codeigniter ...')
#11 {main}
CRITICAL - 2022-05-24 23:28:18 --> Undefined variable: session
#0 E:\codeigniter 4\menejement-vendor\app\Views\layout\dashboard\template.php(5): CodeIgniter\Debug\Exceptions->errorHandler(8, 'Undefined varia...', 'E:\\codeigniter ...', 5, Array)
#1 E:\codeigniter 4\menejement-vendor\vendor\codeigniter4\framework\system\View\View.php(210): include('E:\\codeigniter ...')
#2 E:\codeigniter 4\menejement-vendor\vendor\codeigniter4\framework\system\View\View.php(213): CodeIgniter\View\View->CodeIgniter\View\{closure}()
#3 E:\codeigniter 4\menejement-vendor\vendor\codeigniter4\framework\system\View\View.php(226): CodeIgniter\View\View->render('layout/dashboar...', Array, true)
#4 E:\codeigniter 4\menejement-vendor\vendor\codeigniter4\framework\system\Common.php(1089): CodeIgniter\View\View->render('dashboard/index', Array, true)
#5 E:\codeigniter 4\menejement-vendor\app\Controllers\Dashboard\Home.php(16): view('dashboard/index', Array)
#6 E:\codeigniter 4\menejement-vendor\vendor\codeigniter4\framework\system\CodeIgniter.php(832): App\Controllers\Dashboard\Home->index()
#7 E:\codeigniter 4\menejement-vendor\vendor\codeigniter4\framework\system\CodeIgniter.php(419): CodeIgniter\CodeIgniter->runController(Object(App\Controllers\Dashboard\Home))
#8 E:\codeigniter 4\menejement-vendor\vendor\codeigniter4\framework\system\CodeIgniter.php(326): CodeIgniter\CodeIgniter->handleRequest(NULL, Object(Config\Cache), false)
#9 E:\codeigniter 4\menejement-vendor\public\index.php(37): CodeIgniter\CodeIgniter->run()
#10 E:\codeigniter 4\menejement-vendor\vendor\codeigniter4\framework\system\Commands\Server\rewrite.php(43): require_once('E:\\codeigniter ...')
#11 {main}
CRITICAL - 2022-05-24 23:28:20 --> Undefined variable: session
#0 E:\codeigniter 4\menejement-vendor\app\Views\layout\dashboard\template.php(5): CodeIgniter\Debug\Exceptions->errorHandler(8, 'Undefined varia...', 'E:\\codeigniter ...', 5, Array)
#1 E:\codeigniter 4\menejement-vendor\vendor\codeigniter4\framework\system\View\View.php(210): include('E:\\codeigniter ...')
#2 E:\codeigniter 4\menejement-vendor\vendor\codeigniter4\framework\system\View\View.php(213): CodeIgniter\View\View->CodeIgniter\View\{closure}()
#3 E:\codeigniter 4\menejement-vendor\vendor\codeigniter4\framework\system\View\View.php(226): CodeIgniter\View\View->render('layout/dashboar...', Array, true)
#4 E:\codeigniter 4\menejement-vendor\vendor\codeigniter4\framework\system\Common.php(1089): CodeIgniter\View\View->render('dashboard/index', Array, true)
#5 E:\codeigniter 4\menejement-vendor\app\Controllers\Dashboard\Home.php(16): view('dashboard/index', Array)
#6 E:\codeigniter 4\menejement-vendor\vendor\codeigniter4\framework\system\CodeIgniter.php(832): App\Controllers\Dashboard\Home->index()
#7 E:\codeigniter 4\menejement-vendor\vendor\codeigniter4\framework\system\CodeIgniter.php(419): CodeIgniter\CodeIgniter->runController(Object(App\Controllers\Dashboard\Home))
#8 E:\codeigniter 4\menejement-vendor\vendor\codeigniter4\framework\system\CodeIgniter.php(326): CodeIgniter\CodeIgniter->handleRequest(NULL, Object(Config\Cache), false)
#9 E:\codeigniter 4\menejement-vendor\public\index.php(37): CodeIgniter\CodeIgniter->run()
#10 E:\codeigniter 4\menejement-vendor\vendor\codeigniter4\framework\system\Commands\Server\rewrite.php(43): require_once('E:\\codeigniter ...')
#11 {main}
CRITICAL - 2022-05-24 23:28:34 --> Undefined variable: newdata
#0 E:\codeigniter 4\menejement-vendor\app\Views\layout\dashboard\template.php(5): CodeIgniter\Debug\Exceptions->errorHandler(8, 'Undefined varia...', 'E:\\codeigniter ...', 5, Array)
#1 E:\codeigniter 4\menejement-vendor\vendor\codeigniter4\framework\system\View\View.php(210): include('E:\\codeigniter ...')
#2 E:\codeigniter 4\menejement-vendor\vendor\codeigniter4\framework\system\View\View.php(213): CodeIgniter\View\View->CodeIgniter\View\{closure}()
#3 E:\codeigniter 4\menejement-vendor\vendor\codeigniter4\framework\system\View\View.php(226): CodeIgniter\View\View->render('layout/dashboar...', Array, true)
#4 E:\codeigniter 4\menejement-vendor\vendor\codeigniter4\framework\system\Common.php(1089): CodeIgniter\View\View->render('dashboard/index', Array, true)
#5 E:\codeigniter 4\menejement-vendor\app\Controllers\Dashboard\Home.php(16): view('dashboard/index', Array)
#6 E:\codeigniter 4\menejement-vendor\vendor\codeigniter4\framework\system\CodeIgniter.php(832): App\Controllers\Dashboard\Home->index()
#7 E:\codeigniter 4\menejement-vendor\vendor\codeigniter4\framework\system\CodeIgniter.php(419): CodeIgniter\CodeIgniter->runController(Object(App\Controllers\Dashboard\Home))
#8 E:\codeigniter 4\menejement-vendor\vendor\codeigniter4\framework\system\CodeIgniter.php(326): CodeIgniter\CodeIgniter->handleRequest(NULL, Object(Config\Cache), false)
#9 E:\codeigniter 4\menejement-vendor\public\index.php(37): CodeIgniter\CodeIgniter->run()
#10 E:\codeigniter 4\menejement-vendor\vendor\codeigniter4\framework\system\Commands\Server\rewrite.php(43): require_once('E:\\codeigniter ...')
#11 {main}
CRITICAL - 2022-05-24 23:29:04 --> Undefined variable: newdata
#0 E:\codeigniter 4\menejement-vendor\app\Views\layout\dashboard\template.php(6): CodeIgniter\Debug\Exceptions->errorHandler(8, 'Undefined varia...', 'E:\\codeigniter ...', 6, Array)
#1 E:\codeigniter 4\menejement-vendor\vendor\codeigniter4\framework\system\View\View.php(210): include('E:\\codeigniter ...')
#2 E:\codeigniter 4\menejement-vendor\vendor\codeigniter4\framework\system\View\View.php(213): CodeIgniter\View\View->CodeIgniter\View\{closure}()
#3 E:\codeigniter 4\menejement-vendor\vendor\codeigniter4\framework\system\View\View.php(226): CodeIgniter\View\View->render('layout/dashboar...', Array, true)
#4 E:\codeigniter 4\menejement-vendor\vendor\codeigniter4\framework\system\Common.php(1089): CodeIgniter\View\View->render('dashboard/index', Array, true)
#5 E:\codeigniter 4\menejement-vendor\app\Controllers\Dashboard\Home.php(16): view('dashboard/index', Array)
#6 E:\codeigniter 4\menejement-vendor\vendor\codeigniter4\framework\system\CodeIgniter.php(832): App\Controllers\Dashboard\Home->index()
#7 E:\codeigniter 4\menejement-vendor\vendor\codeigniter4\framework\system\CodeIgniter.php(419): CodeIgniter\CodeIgniter->runController(Object(App\Controllers\Dashboard\Home))
#8 E:\codeigniter 4\menejement-vendor\vendor\codeigniter4\framework\system\CodeIgniter.php(326): CodeIgniter\CodeIgniter->handleRequest(NULL, Object(Config\Cache), false)
#9 E:\codeigniter 4\menejement-vendor\public\index.php(37): CodeIgniter\CodeIgniter->run()
#10 E:\codeigniter 4\menejement-vendor\vendor\codeigniter4\framework\system\Commands\Server\rewrite.php(43): require_once('E:\\codeigniter ...')
#11 {main}
CRITICAL - 2022-05-24 23:29:13 --> Undefined variable: session
#0 E:\codeigniter 4\menejement-vendor\app\Views\layout\dashboard\template.php(6): CodeIgniter\Debug\Exceptions->errorHandler(8, 'Undefined varia...', 'E:\\codeigniter ...', 6, Array)
#1 E:\codeigniter 4\menejement-vendor\vendor\codeigniter4\framework\system\View\View.php(210): include('E:\\codeigniter ...')
#2 E:\codeigniter 4\menejement-vendor\vendor\codeigniter4\framework\system\View\View.php(213): CodeIgniter\View\View->CodeIgniter\View\{closure}()
#3 E:\codeigniter 4\menejement-vendor\vendor\codeigniter4\framework\system\View\View.php(226): CodeIgniter\View\View->render('layout/dashboar...', Array, true)
#4 E:\codeigniter 4\menejement-vendor\vendor\codeigniter4\framework\system\Common.php(1089): CodeIgniter\View\View->render('dashboard/index', Array, true)
#5 E:\codeigniter 4\menejement-vendor\app\Controllers\Dashboard\Home.php(16): view('dashboard/index', Array)
#6 E:\codeigniter 4\menejement-vendor\vendor\codeigniter4\framework\system\CodeIgniter.php(832): App\Controllers\Dashboard\Home->index()
#7 E:\codeigniter 4\menejement-vendor\vendor\codeigniter4\framework\system\CodeIgniter.php(419): CodeIgniter\CodeIgniter->runController(Object(App\Controllers\Dashboard\Home))
#8 E:\codeigniter 4\menejement-vendor\vendor\codeigniter4\framework\system\CodeIgniter.php(326): CodeIgniter\CodeIgniter->handleRequest(NULL, Object(Config\Cache), false)
#9 E:\codeigniter 4\menejement-vendor\public\index.php(37): CodeIgniter\CodeIgniter->run()
#10 E:\codeigniter 4\menejement-vendor\vendor\codeigniter4\framework\system\Commands\Server\rewrite.php(43): require_once('E:\\codeigniter ...')
#11 {main}
CRITICAL - 2022-05-24 23:48:57 --> Undefined variable: session
#0 E:\codeigniter 4\menejement-vendor\app\Views\layout\dashboard\menusamping.php(9): CodeIgniter\Debug\Exceptions->errorHandler(8, 'Undefined varia...', 'E:\\codeigniter ...', 9, Array)
#1 E:\codeigniter 4\menejement-vendor\vendor\codeigniter4\framework\system\View\View.php(210): include('E:\\codeigniter ...')
#2 E:\codeigniter 4\menejement-vendor\vendor\codeigniter4\framework\system\View\View.php(213): CodeIgniter\View\View->CodeIgniter\View\{closure}()
#3 E:\codeigniter 4\menejement-vendor\vendor\codeigniter4\framework\system\View\View.php(424): CodeIgniter\View\View->render('layout/dashboar...', NULL, true)
#4 E:\codeigniter 4\menejement-vendor\app\Views\layout\dashboard\template.php(59): CodeIgniter\View\View->include('layout/dashboar...')
#5 E:\codeigniter 4\menejement-vendor\vendor\codeigniter4\framework\system\View\View.php(210): include('E:\\codeigniter ...')
#6 E:\codeigniter 4\menejement-vendor\vendor\codeigniter4\framework\system\View\View.php(213): CodeIgniter\View\View->CodeIgniter\View\{closure}()
#7 E:\codeigniter 4\menejement-vendor\vendor\codeigniter4\framework\system\View\View.php(226): CodeIgniter\View\View->render('layout/dashboar...', Array, true)
#8 E:\codeigniter 4\menejement-vendor\vendor\codeigniter4\framework\system\Common.php(1089): CodeIgniter\View\View->render('dashboard/index', Array, true)
#9 E:\codeigniter 4\menejement-vendor\app\Controllers\Dashboard\Home.php(16): view('dashboard/index', Array)
#10 E:\codeigniter 4\menejement-vendor\vendor\codeigniter4\framework\system\CodeIgniter.php(832): App\Controllers\Dashboard\Home->index()
#11 E:\codeigniter 4\menejement-vendor\vendor\codeigniter4\framework\system\CodeIgniter.php(419): CodeIgniter\CodeIgniter->runController(Object(App\Controllers\Dashboard\Home))
#12 E:\codeigniter 4\menejement-vendor\vendor\codeigniter4\framework\system\CodeIgniter.php(326): CodeIgniter\CodeIgniter->handleRequest(NULL, Object(Config\Cache), false)
#13 E:\codeigniter 4\menejement-vendor\public\index.php(37): CodeIgniter\CodeIgniter->run()
#14 E:\codeigniter 4\menejement-vendor\vendor\codeigniter4\framework\system\Commands\Server\rewrite.php(43): require_once('E:\\codeigniter ...')
#15 {main}
